0 info it worked if it ends with ok
1 verbose cli [ '/usr/bin/node',
1 verbose cli   '/usr/bin/npm',
1 verbose cli   'i',
1 verbose cli   '--save-dev',
1 verbose cli   'eslint',
1 verbose cli   '[eslint-plugins]' ]
2 info using npm@3.5.2
3 info using node@v8.10.0
4 silly loadCurrentTree Starting
5 silly install loadCurrentTree
6 silly install readLocalPackageData
7 silly fetchPackageMetaData eslint
8 silly fetchPackageMetaData [eslint-plugins]
9 silly fetchNamedPackageData eslint
10 silly mapToRegistry name eslint
11 silly mapToRegistry using default registry
12 silly mapToRegistry registry https://registry.npmjs.org/
13 silly mapToRegistry uri https://registry.npmjs.org/eslint
14 silly fetchOtherPackageData [eslint-plugins]
15 silly cache add args [ '[eslint-plugins]', null ]
16 verbose cache add spec [eslint-plugins]
17 verbose request uri https://registry.npmjs.org/eslint
18 verbose request no auth needed
19 info attempt registry request try #1 at 5:51:29 PM
20 verbose request id 0c9db77e2fb69113
21 http request GET https://registry.npmjs.org/eslint
22 silly cache add parsed spec Result {
22 silly cache add   raw: '[eslint-plugins]',
22 silly cache add   scope: null,
22 silly cache add   name: null,
22 silly cache add   rawSpec: '[eslint-plugins]',
22 silly cache add   spec: '/home/x/TEST/fun/dist/experiments/[eslint-plugins]',
22 silly cache add   type: 'local' }
23 error addLocal Could not install /home/x/TEST/fun/dist/experiments/[eslint-plugins]
24 silly fetchPackageMetaData Error: ENOENT: no such file or directory, open '/home/x/TEST/fun/dist/experiments/[eslint-plugins]'
24 silly fetchPackageMetaData  error for [eslint-plugins] { Error: ENOENT: no such file or directory, open '/home/x/TEST/fun/dist/experiments/[eslint-plugins]'
24 silly fetchPackageMetaData   errno: -2,
24 silly fetchPackageMetaData   code: 'ENOENT',
24 silly fetchPackageMetaData   syscall: 'open',
24 silly fetchPackageMetaData   path: '/home/x/TEST/fun/dist/experiments/[eslint-plugins]' }
25 http 200 https://registry.npmjs.org/eslint
26 verbose headers { date: 'Fri, 22 Mar 2019 21:51:29 GMT',
26 verbose headers   'content-type': 'application/json',
26 verbose headers   'transfer-encoding': 'chunked',
26 verbose headers   connection: 'keep-alive',
26 verbose headers   'set-cookie':
26 verbose headers    [ '__cfduid=d5d2a4609222b74cc867f395c7b539d221553291489; expires=Sat, 21-Mar-20 21:51:29 GMT; path=/; domain=.registry.npmjs.org; HttpOnly' ],
26 verbose headers   'cf-cache-status': 'HIT',
26 verbose headers   'cache-control': 'max-age=300',
26 verbose headers   'cf-ray': '4bbb631f68a8c52a-ORD',
26 verbose headers   etag: 'W/"ff593d0149669cc2f992adc7790d1392"',
26 verbose headers   'expect-ct': 'max-age=604800, report-uri="https://report-uri.cloudflare.com/cdn-cgi/beacon/expect-ct"',
26 verbose headers   'last-modified': 'Mon, 18 Mar 2019 15:55:55 GMT',
26 verbose headers   vary: 'accept-encoding, accept',
26 verbose headers   'x-amz-meta-rev': '696-466eef0eb9404a07014f125fef723462',
26 verbose headers   server: 'cloudflare',
26 verbose headers   'content-encoding': 'gzip' }
27 silly get cb [ 200,
27 silly get   { date: 'Fri, 22 Mar 2019 21:51:29 GMT',
27 silly get     'content-type': 'application/json',
27 silly get     'transfer-encoding': 'chunked',
27 silly get     connection: 'keep-alive',
27 silly get     'set-cookie':
27 silly get      [ '__cfduid=d5d2a4609222b74cc867f395c7b539d221553291489; expires=Sat, 21-Mar-20 21:51:29 GMT; path=/; domain=.registry.npmjs.org; HttpOnly' ],
27 silly get     'cf-cache-status': 'HIT',
27 silly get     'cache-control': 'max-age=300',
27 silly get     'cf-ray': '4bbb631f68a8c52a-ORD',
27 silly get     etag: 'W/"ff593d0149669cc2f992adc7790d1392"',
27 silly get     'expect-ct': 'max-age=604800, report-uri="https://report-uri.cloudflare.com/cdn-cgi/beacon/expect-ct"',
27 silly get     'last-modified': 'Mon, 18 Mar 2019 15:55:55 GMT',
27 silly get     vary: 'accept-encoding, accept',
27 silly get     'x-amz-meta-rev': '696-466eef0eb9404a07014f125fef723462',
27 silly get     server: 'cloudflare',
27 silly get     'content-encoding': 'gzip' } ]
28 verbose get saving eslint to /home/x/.npm/registry.npmjs.org/eslint/.cache.json
29 silly rollbackFailedOptional Starting
30 silly rollbackFailedOptional Finishing
31 silly runTopLevelLifecycles Starting
32 silly runTopLevelLifecycles Finishing
33 silly install printInstalled
34 verbose stack Error: ENOENT: no such file or directory, open '/home/x/TEST/fun/dist/experiments/[eslint-plugins]'
35 verbose cwd /home/x/TEST/fun/dist/experiments
36 error Linux 4.15.0-46-generic
37 error argv "/usr/bin/node" "/usr/bin/npm" "i" "--save-dev" "eslint" "[eslint-plugins]"
38 error node v8.10.0
39 error npm  v3.5.2
40 error path /home/x/TEST/fun/dist/experiments/[eslint-plugins]
41 error code ENOENT
42 error errno -2
43 error syscall open
44 error enoent ENOENT: no such file or directory, open '/home/x/TEST/fun/dist/experiments/[eslint-plugins]'
45 error enoent ENOENT: no such file or directory, open '/home/x/TEST/fun/dist/experiments/[eslint-plugins]'
45 error enoent This is most likely not a problem with npm itself
45 error enoent and is related to npm not being able to find a file.
46 verbose exit [ -2, true ]
